<?xml version="1.0" encoding="UTF-8"?>
<!-- Generated by org.testng.reporters.JUnitXMLReporter -->
<testsuite hostname="Apple-no-MacBook-Pro.local" ignored="0" name="Test" tests="3" failures="0" timestamp="06 May 2019 09:22:22 GMT" time="12.51" errors="0">
  <testcase name="searchJob" time="6.089" classname="com.framework.testscrips.IndeedJobSearch"/>
  <testcase name="selectOpenJobs" time="1.667" classname="com.framework.testscrips.IndeedJobSearch"/>
  <testcase name="verifyJobAppeared" time="0.037" classname="com.framework.testscrips.IndeedJobSearch"/>
</testsuite> <!-- Test -->
